2024-12-13 14:30:30,437 INFO:Determined user level: 20+ years experience
2024-12-13 14:30:31,214 INFO:Detected location: Massachusetts, US
2024-12-13 14:30:33,457 INFO:Extracted personal info JSON: The resume provided does not contain all the requested information. Here is the extracted information available:

```json
{
  "Name": "Noam Chomsky",
  "Date of Birth": "7. Dezember 1928",
  "Nationality": "USA"
}
```
2024-12-13 14:30:33,457 WARNING:Failed to parse personal info JSON. Using fallback values.
2024-12-13 14:30:34,519 INFO:Extracted skills text: The resume does not provide specific skills, programming languages, or software/tools to extract.
2024-12-13 14:31:09,242 INFO:Categorized skills response: {
  "soft_skills": [],
  "technical_skills": []
}
2024-12-13 14:32:27,781 INFO:Determined user level: 20+ years experience
2024-12-13 14:32:28,276 INFO:Detected location: Massachusetts, US
2024-12-13 14:32:31,104 INFO:Extracted personal info JSON: The resume does not provide all the requested information. Here is the extracted information available:

```json
{
  "Name": "Noam Chomsky",
  "Date of Birth": "7. Dezember 1928",
  "Nationality": "USA"
}
```
2024-12-13 14:32:31,104 WARNING:Failed to parse personal info JSON. Using fallback values.
2024-12-13 14:32:34,578 INFO:Extracted skills text: The resume does not provide specific skills or proficiency levels. However, based on the resume, we can deduce the following skills:

Linguistics: Expert
Philosophy: Expert
Teaching: Expert
Research: Expert
Formal Languages: Expert
Syntactic Models: Expert
Universal Grammar: Expert
Chomsky Hierarchy: Expert
Machine Translation: Expert
2024-12-13 14:33:18,359 INFO:Categorized skills response: {
  "soft_skills": [
    {
      "skill": "Linguistics",
      "level": "Expert"
    },
    {
      "skill": "Philosophy",
      "level": "Expert"
    },
    {
      "skill": "Teaching",
      "level": "Expert"
    },
    {
      "skill": "Research",
      "level": "Expert"
    }
  ],
  "technical_skills": [
    {
      "skill": "Formal Languages",
      "level": "Expert"
    },
    {
      "skill": "Syntactic Models",
      "level": "Expert"
    },
    {
      "skill": "Universal Grammar",
      "level": "Expert"
    },
    {
      "skill": "Chomsky Hierarchy",
      "level": "Expert"
    },
    {
      "skill": "Machine Translation",
      "level": "Expert"
    }
  ]
}
2024-12-13 14:36:55,791 INFO:User level: 20+ years experience, Max Percentage: 100
2024-12-13 14:36:56,130 INFO:Average Skill Percentage: 100.0
2024-12-13 14:36:56,130 INFO:Total Completion (Technical Skills Only): 100.0
2024-12-13 14:38:27,145 INFO:User level: 20+ years experience, Max Percentage: 100
2024-12-13 14:38:27,167 INFO:Average Skill Percentage: 100.0
2024-12-13 14:38:27,167 INFO:Total Completion (Technical Skills Only): 100.0
2024-12-13 14:41:40,959 INFO:Determined user level: undergraduate student
2024-12-13 14:41:41,570 INFO:Detected location: Beirut, LB
2024-12-13 14:41:44,708 INFO:Extracted personal info JSON: {
  "Name": "Hadi Elham",
  "Email": "hadielham04@gmail.com",
  "Phone": "+96171739446",
  "Location": "Beirut, Lebanon",
  "Date of Birth": "Not Provided",
  "Nationality": "Not Provided",
  "LinkedIn": "Not Provided"
}
2024-12-13 14:41:47,278 INFO:Extracted skills text: Python Programming Language: Competent
Computer Architecture: Proficient
Control systems: Competent
C++ Programming Language: Proficient
MATLAB Simulation: Proficient
Embedded Systems Development: Competent
2024-12-13 14:42:16,006 INFO:Categorized skills response: {
  "soft_skills": [],
  "technical_skills": [
    {
      "skill": "Python Programming Language",
      "level": "Competent"
    },
    {
      "skill": "Computer Architecture",
      "level": "Proficient"
    },
    {
      "skill": "Control systems",
      "level": "Competent"
    },
    {
      "skill": "C++ Programming Language",
      "level": "Proficient"
    },
    {
      "skill": "MATLAB Simulation",
      "level": "Proficient"
    },
    {
      "skill": "Embedded Systems Development",
      "level": "Competent"
    }
  ]
}
2024-12-13 14:45:20,811 INFO:User level: undergraduate student, Max Percentage: 60
2024-12-13 14:45:21,014 INFO:Average Skill Percentage: 42.0
2024-12-13 14:45:21,014 INFO:Total Completion (Technical Skills Only): 42.0
